<?xml version="1.0" encoding="UTF-8"?>
<!-- Generated by org.testng.reporters.JUnitReportReporter -->
<testsuite hostname="DESKTOP-7MQHOP7" failures="0" tests="1" name="regressiontests.ZooplaLoginPageTest" time="21.382" errors="0" timestamp="2022-08-04T16:07:13 IST" skipped="0">
  <testcase classname="regressiontests.ZooplaLoginPageTest" name="validateifuserlogsintoZoopaHomepage" time="21.382"/>
  <system-out/>
</testsuite> <!-- regressiontests.ZooplaLoginPageTest -->
